# JRE version: OpenJDK Runtime Environment (11.0.11+9) (build 11.0.11+9-b60-7590822)
# Java VM: OpenJDK 64-Bit Server VM (11.0.11+9-b60-7590822, mixed mode, tiered, compressed oops, g1 gc, windows-amd64)
Heap:
 garbage-first heap   total 423936K, used 159800K [0x0000000080000000, 0x0000000100000000)
  region size 1024K, 4 young (4096K), 4 survivors (4096K)
 Metaspace       used 127132K, capacity 130763K, committed 131088K, reserved 1163264K
  class space    used 15725K, capacity 17134K, committed 17252K, reserved 1048576K
GC Heap History (20 events):
Event: 3329.256 GC heap after
{Heap after GC invocations=102 (full 0):
 garbage-first heap   total 227328K, used 106560K [0x0000000080000000, 0x0000000100000000)
  region size 1024K, 11 young (11264K), 11 survivors (11264K)
 Metaspace       used 125997K, capacity 129600K, committed 129936K, reserved 1163264K
  class space    used 15611K, capacity 17000K, committed 17124K, reserved 1048576K
}
Event: 3329.434 GC heap before
{Heap before GC invocations=102 (full 0):
 garbage-first heap   total 227328K, used 173119K [0x0000000080000000, 0x0000000100000000)
  region size 1024K, 77 young (78848K), 11 survivors (11264K)
 Metaspace       used 126263K, capacity 129925K, committed 130192K, reserved 1163264K
  class space    used 15651K, capacity 17073K, committed 17124K, reserved 1048576K
}
Event: 3329.570 GC heap after
{Heap after GC invocations=103 (full 0):
 garbage-first heap   total 227328K, used 123539K [0x0000000080000000, 0x0000000100000000)
  region size 1024K, 10 young (10240K), 10 survivors (10240K)
 Metaspace       used 126263K, capacity 129925K, committed 130192K, reserved 1163264K
  class space    used 15651K, capacity 17073K, committed 17124K, reserved 1048576K
}
Event: 3329.699 GC heap before
{Heap before GC invocations=104 (full 0):
 garbage-first heap   total 227328K, used 175763K [0x0000000080000000, 0x0000000100000000)
  region size 1024K, 61 young (62464K), 10 survivors (10240K)
 Metaspace       used 126481K, capacity 130107K, committed 130192K, reserved 1163264K
  class space    used 15680K, capacity 17091K, committed 17124K, reserved 1048576K
}
Event: 3329.820 GC heap after
{Heap after GC invocations=105 (full 0):
 garbage-first heap   total 227328K, used 135168K [0x0000000080000000, 0x0000000100000000)
  region size 1024K, 8 young (8192K), 8 survivors (8192K)
 Metaspace       used 126481K, capacity 130107K, committed 130192K, reserved 1163264K
  class space    used 15680K, capacity 17091K, committed 17124K, reserved 1048576K
}
Event: 3329.825 GC heap before
{Heap before GC invocations=105 (full 0):
 garbage-first heap   total 227328K, used 138240K [0x0000000080000000, 0x0000000100000000)
  region size 1024K, 11 young (11264K), 8 survivors (8192K)
 Metaspace       used 126487K, capacity 130171K, committed 130448K, reserved 1163264K
  class space    used 15680K, capacity 17091K, committed 17124K, reserved 1048576K
}
Event: 3329.849 GC heap after
{Heap after GC invocations=106 (full 0):
 garbage-first heap   total 227328K, used 137438K [0x0000000080000000, 0x0000000100000000)
  region size 1024K, 2 young (2048K), 2 survivors (2048K)
 Metaspace       used 126487K, capacity 130171K, committed 130448K, reserved 1163264K
  class space    used 15680K, capacity 17091K, committed 17124K, reserved 1048576K
}
Event: 3329.921 GC heap before
{Heap before GC invocations=106 (full 0):
 garbage-first heap   total 227328K, used 179422K [0x0000000080000000, 0x0000000100000000)
  region size 1024K, 43 young (44032K), 2 survivors (2048K)
 Metaspace       used 126694K, capacity 130368K, committed 130576K, reserved 1163264K
  class space    used 15709K, capacity 17134K, committed 17252K, reserved 1048576K
}
Event: 3329.934 GC heap after
{Heap after GC invocations=107 (full 0):
 garbage-first heap   total 227328K, used 145315K [0x0000000080000000, 0x0000000100000000)
  region size 1024K, 6 young (6144K), 6 survivors (6144K)
 Metaspace       used 126694K, capacity 130368K, committed 130576K, reserved 1163264K
  class space    used 15709K, capacity 17134K, committed 17252K, reserved 1048576K
}
Event: 3330.035 GC heap before
{Heap before GC invocations=107 (full 0):
 garbage-first heap   total 227328K, used 182179K [0x0000000080000000, 0x0000000100000000)
  region size 1024K, 43 young (44032K), 6 survivors (6144K)
 Metaspace       used 126913K, capacity 130567K, committed 130832K, reserved 1163264K
  class space    used 15712K, capacity 17135K, committed 17252K, reserved 1048576K
}
Event: 3330.047 GC heap after
{Heap after GC invocations=108 (full 0):
 garbage-first heap   total 227328K, used 151865K [0x0000000080000000, 0x0000000100000000)
  region size 1024K, 6 young (6144K), 6 survivors (6144K)
 Metaspace       used 126913K, capacity 130567K, committed 130832K, reserved 1163264K
  class space    used 15712K, capacity 17135K, committed 17252K, reserved 1048576K
}
Event: 3330.222 GC heap before
{Heap before GC invocations=108 (full 0):
 garbage-first heap   total 227328K, used 184633K [0x0000000080000000, 0x0000000100000000)
  region size 1024K, 39 young (39936K), 6 survivors (6144K)
 Metaspace       used 127001K, capacity 130684K, committed 130832K, reserved 1163264K
  class space    used 15717K, capacity 17130K, committed 17252K, reserved 1048576K
}
Event: 3330.238 GC heap after
{Heap after GC invocations=109 (full 0):
 garbage-first heap   total 227328K, used 156632K [0x0000000080000000, 0x0000000100000000)
  region size 1024K, 5 young (5120K), 5 survivors (5120K)
 Metaspace       used 127001K, capacity 130684K, committed 130832K, reserved 1163264K
  class space    used 15717K, capacity 17130K, committed 17252K, reserved 1048576K
}
Event: 3330.367 GC heap before
{Heap before GC invocations=110 (full 0):
 garbage-first heap   total 227328K, used 188376K [0x0000000080000000, 0x0000000100000000)
  region size 1024K, 36 young (36864K), 5 survivors (5120K)
 Metaspace       used 127016K, capacity 130684K, committed 130832K, reserved 1163264K
  class space    used 15717K, capacity 17130K, committed 17252K, reserved 1048576K
}
Event: 3330.382 GC heap after
{Heap after GC invocations=111 (full 0):
 garbage-first heap   total 227328K, used 159637K [0x0000000080000000, 0x0000000100000000)
  region size 1024K, 4 young (4096K), 4 survivors (4096K)
 Metaspace       used 127016K, capacity 130684K, committed 130832K, reserved 1163264K
  class space    used 15717K, capacity 17130K, committed 17252K, reserved 1048576K
}
Event: 3330.397 GC heap before
{Heap before GC invocations=111 (full 0):
 garbage-first heap   total 227328K, used 166805K [0x0000000080000000, 0x0000000100000000)
  region size 1024K, 11 young (11264K), 4 survivors (4096K)
 Metaspace       used 127029K, capacity 130684K, committed 130832K, reserved 1163264K
  class space    used 15718K, capacity 17130K, committed 17252K, reserved 1048576K
}
Event: 3330.413 GC heap after
{Heap after GC invocations=112 (full 0):
 garbage-first heap   total 227328K, used 153205K [0x0000000080000000, 0x0000000100000000)
  region size 1024K, 2 young (2048K), 2 survivors (2048K)
 Metaspace       used 127029K, capacity 130684K, committed 130832K, reserved 1163264K
  class space    used 15718K, capacity 17130K, committed 17252K, reserved 1048576K
}
Event: 3330.509 GC heap before
{Heap before GC invocations=112 (full 0):
 garbage-first heap   total 227328K, used 188021K [0x0000000080000000, 0x0000000100000000)
  region size 1024K, 36 young (36864K), 2 survivors (2048K)
 Metaspace       used 127041K, capacity 130687K, committed 130832K, reserved 1163264K
  class space    used 15718K, capacity 17131K, committed 17252K, reserved 1048576K
}
Event: 3330.524 GC heap after
{Heap after GC invocations=113 (full 0):
 garbage-first heap   total 227328K, used 156206K [0x0000000080000000, 0x0000000100000000)
  region size 1024K, 5 young (5120K), 5 survivors (5120K)
 Metaspace       used 127041K, capacity 130687K, committed 130832K, reserved 1163264K
  class space    used 15718K, capacity 17131K, committed 17252K, reserved 1048576K
}
Event: 3330.702 GC heap before
{Heap before GC invocations=113 (full 0):
 garbage-first heap   total 227328K, used 189998K [0x0000000080000000, 0x0000000100000000)
  region size 1024K, 38 young (38912K), 5 survivors (5120K)
 Metaspace       used 127132K, capacity 130763K, committed 131088K, reserved 1163264K
  class space    used 15725K, capacity 17134K, committed 17252K, reserved 1048576K
}

