# JRE version: OpenJDK Runtime Environment (11.0.11+9) (build 11.0.11+9-b60-7590822)
# Java VM: OpenJDK 64-Bit Server VM (11.0.11+9-b60-7590822, mixed mode, tiered, compressed oops, g1 gc, windows-amd64)
Heap:
 garbage-first heap   total 340992K, used 266441K [0x0000000080000000, 0x0000000100000000)
  region size 1024K, 59 young (60416K), 6 survivors (6144K)
 Metaspace       used 119972K, capacity 123298K, committed 123632K, reserved 1157120K
  class space    used 15485K, capacity 16757K, committed 16920K, reserved 1048576K
GC Heap History (20 events):
Event: 36.792 GC heap before
{Heap before GC invocations=50 (full 0):
 garbage-first heap   total 227328K, used 187108K [0x0000000080000000, 0x0000000100000000)
  region size 1024K, 41 young (41984K), 7 survivors (7168K)
 Metaspace       used 113425K, capacity 116605K, committed 116976K, reserved 1150976K
  class space    used 14581K, capacity 15753K, committed 15896K, reserved 1048576K
}
Event: 36.820 GC heap after
{Heap after GC invocations=51 (full 0):
 garbage-first heap   total 227328K, used 161350K [0x0000000080000000, 0x0000000100000000)
  region size 1024K, 6 young (6144K), 6 survivors (6144K)
 Metaspace       used 113425K, capacity 116605K, committed 116976K, reserved 1150976K
  class space    used 14581K, capacity 15753K, committed 15896K, reserved 1048576K
}
Event: 36.991 GC heap before
{Heap before GC invocations=51 (full 0):
 garbage-first heap   total 227328K, used 187974K [0x0000000080000000, 0x0000000100000000)
  region size 1024K, 33 young (33792K), 6 survivors (6144K)
 Metaspace       used 113978K, capacity 117132K, committed 117232K, reserved 1150976K
  class space    used 14657K, capacity 15842K, committed 15896K, reserved 1048576K
}
Event: 37.015 GC heap after
{Heap after GC invocations=52 (full 0):
 garbage-first heap   total 227328K, used 169163K [0x0000000080000000, 0x0000000100000000)
  region size 1024K, 5 young (5120K), 5 survivors (5120K)
 Metaspace       used 113978K, capacity 117132K, committed 117232K, reserved 1150976K
  class space    used 14657K, capacity 15842K, committed 15896K, reserved 1048576K
}
Event: 37.226 GC heap before
{Heap before GC invocations=52 (full 0):
 garbage-first heap   total 227328K, used 189643K [0x0000000080000000, 0x0000000100000000)
  region size 1024K, 26 young (26624K), 5 survivors (5120K)
 Metaspace       used 114734K, capacity 117906K, committed 118128K, reserved 1150976K
  class space    used 14752K, capacity 15927K, committed 16024K, reserved 1048576K
}
Event: 37.251 GC heap after
{Heap after GC invocations=53 (full 0):
 garbage-first heap   total 273408K, used 174080K [0x0000000080000000, 0x0000000100000000)
  region size 1024K, 4 young (4096K), 4 survivors (4096K)
 Metaspace       used 114734K, capacity 117906K, committed 118128K, reserved 1150976K
  class space    used 14752K, capacity 15927K, committed 16024K, reserved 1048576K
}
Event: 37.705 GC heap before
{Heap before GC invocations=54 (full 0):
 garbage-first heap   total 273408K, used 219136K [0x0000000080000000, 0x0000000100000000)
  region size 1024K, 48 young (49152K), 4 survivors (4096K)
 Metaspace       used 115783K, capacity 119014K, committed 119280K, reserved 1153024K
  class space    used 14921K, capacity 16123K, committed 16152K, reserved 1048576K
}
Event: 37.736 GC heap after
{Heap after GC invocations=55 (full 0):
 garbage-first heap   total 273408K, used 183171K [0x0000000080000000, 0x0000000100000000)
  region size 1024K, 6 young (6144K), 6 survivors (6144K)
 Metaspace       used 115783K, capacity 119014K, committed 119280K, reserved 1153024K
  class space    used 14921K, capacity 16123K, committed 16152K, reserved 1048576K
}
Event: 37.914 GC heap before
{Heap before GC invocations=55 (full 0):
 garbage-first heap   total 273408K, used 222083K [0x0000000080000000, 0x0000000100000000)
  region size 1024K, 45 young (46080K), 6 survivors (6144K)
 Metaspace       used 116397K, capacity 119695K, committed 120048K, reserved 1153024K
  class space    used 15030K, capacity 16295K, committed 16408K, reserved 1048576K
}
Event: 37.941 GC heap after
{Heap after GC invocations=56 (full 0):
 garbage-first heap   total 273408K, used 191643K [0x0000000080000000, 0x0000000100000000)
  region size 1024K, 6 young (6144K), 6 survivors (6144K)
 Metaspace       used 116397K, capacity 119695K, committed 120048K, reserved 1153024K
  class space    used 15030K, capacity 16295K, committed 16408K, reserved 1048576K
}
Event: 38.180 GC heap before
{Heap before GC invocations=56 (full 0):
 garbage-first heap   total 273408K, used 225435K [0x0000000080000000, 0x0000000100000000)
  region size 1024K, 40 young (40960K), 6 survivors (6144K)
 Metaspace       used 117419K, capacity 120820K, committed 120944K, reserved 1155072K
  class space    used 15204K, capacity 16480K, committed 16536K, reserved 1048576K
}
Event: 38.202 GC heap after
{Heap after GC invocations=57 (full 0):
 garbage-first heap   total 273408K, used 197537K [0x0000000080000000, 0x0000000100000000)
  region size 1024K, 5 young (5120K), 5 survivors (5120K)
 Metaspace       used 117419K, capacity 120820K, committed 120944K, reserved 1155072K
  class space    used 15204K, capacity 16480K, committed 16536K, reserved 1048576K
}
Event: 38.613 GC heap before
{Heap before GC invocations=57 (full 0):
 garbage-first heap   total 273408K, used 228257K [0x0000000080000000, 0x0000000100000000)
  region size 1024K, 36 young (36864K), 5 survivors (5120K)
 Metaspace       used 118220K, capacity 121589K, committed 121840K, reserved 1155072K
  class space    used 15336K, capacity 16598K, committed 16664K, reserved 1048576K
}
Event: 38.641 GC heap after
{Heap after GC invocations=58 (full 0):
 garbage-first heap   total 340992K, used 203776K [0x0000000080000000, 0x0000000100000000)
  region size 1024K, 5 young (5120K), 5 survivors (5120K)
 Metaspace       used 118220K, capacity 121589K, committed 121840K, reserved 1155072K
  class space    used 15336K, capacity 16598K, committed 16664K, reserved 1048576K
}
Event: 39.201 GC heap before
{Heap before GC invocations=59 (full 0):
 garbage-first heap   total 340992K, used 258048K [0x0000000080000000, 0x0000000100000000)
  region size 1024K, 59 young (60416K), 5 survivors (5120K)
 Metaspace       used 119064K, capacity 122438K, committed 122736K, reserved 1155072K
  class space    used 15412K, capacity 16681K, committed 16792K, reserved 1048576K
}
Event: 39.233 GC heap after
{Heap after GC invocations=60 (full 0):
 garbage-first heap   total 340992K, used 210658K [0x0000000080000000, 0x0000000100000000)
  region size 1024K, 7 young (7168K), 7 survivors (7168K)
 Metaspace       used 119064K, capacity 122438K, committed 122736K, reserved 1155072K
  class space    used 15412K, capacity 16681K, committed 16792K, reserved 1048576K
}
Event: 39.271 GC heap before
{Heap before GC invocations=60 (full 0):
 garbage-first heap   total 340992K, used 219874K [0x0000000080000000, 0x0000000100000000)
  region size 1024K, 16 young (16384K), 7 survivors (7168K)
 Metaspace       used 119065K, capacity 122438K, committed 122736K, reserved 1155072K
  class space    used 15412K, capacity 16681K, committed 16792K, reserved 1048576K
}
Event: 39.296 GC heap after
{Heap after GC invocations=61 (full 0):
 garbage-first heap   total 340992K, used 209444K [0x0000000080000000, 0x0000000100000000)
  region size 1024K, 2 young (2048K), 2 survivors (2048K)
 Metaspace       used 119065K, capacity 122438K, committed 122736K, reserved 1155072K
  class space    used 15412K, capacity 16681K, committed 16792K, reserved 1048576K
}
Event: 39.708 GC heap before
{Heap before GC invocations=61 (full 0):
 garbage-first heap   total 340992K, used 262692K [0x0000000080000000, 0x0000000100000000)
  region size 1024K, 55 young (56320K), 2 survivors (2048K)
 Metaspace       used 119408K, capacity 122788K, committed 122992K, reserved 1155072K
  class space    used 15456K, capacity 16750K, committed 16792K, reserved 1048576K
}
Event: 39.726 GC heap after
{Heap after GC invocations=62 (full 0):
 garbage-first heap   total 340992K, used 214217K [0x0000000080000000, 0x0000000100000000)
  region size 1024K, 6 young (6144K), 6 survivors (6144K)
 Metaspace       used 119408K, capacity 122788K, committed 122992K, reserved 1155072K
  class space    used 15456K, capacity 16750K, committed 16792K, reserved 1048576K
}

