# JRE version: OpenJDK Runtime Environment (11.0.11+9) (build 11.0.11+9-b60-7590822)
# Java VM: OpenJDK 64-Bit Server VM (11.0.11+9-b60-7590822, mixed mode, tiered, compressed oops, g1 gc, windows-amd64)
Heap:
 garbage-first heap   total 189440K, used 116429K [0x0000000080000000, 0x0000000100000000)
  region size 1024K, 24 young (24576K), 3 survivors (3072K)
 Metaspace       used 107774K, capacity 110574K, committed 111692K, reserved 1144832K
  class space    used 13896K, capacity 14968K, committed 15436K, reserved 1048576K
GC Heap History (20 events):
Event: 21.349 GC heap before
{Heap before GC invocations=17 (full 0):
 garbage-first heap   total 189440K, used 139366K [0x0000000080000000, 0x0000000100000000)
  region size 1024K, 87 young (89088K), 9 survivors (9216K)
 Metaspace       used 80236K, capacity 82374K, committed 82636K, reserved 1120256K
  class space    used 10554K, capacity 11370K, committed 11468K, reserved 1048576K
}
Event: 21.371 GC heap after
{Heap after GC invocations=18 (full 0):
 garbage-first heap   total 189440K, used 66502K [0x0000000080000000, 0x0000000100000000)
  region size 1024K, 10 young (10240K), 10 survivors (10240K)
 Metaspace       used 80236K, capacity 82374K, committed 82636K, reserved 1120256K
  class space    used 10554K, capacity 11370K, committed 11468K, reserved 1048576K
}
Event: 22.936 GC heap before
{Heap before GC invocations=18 (full 0):
 garbage-first heap   total 189440K, used 149446K [0x0000000080000000, 0x0000000100000000)
  region size 1024K, 87 young (89088K), 10 survivors (10240K)
 Metaspace       used 82646K, capacity 84723K, committed 84940K, reserved 1122304K
  class space    used 10789K, capacity 11598K, committed 11724K, reserved 1048576K
}
Event: 22.962 GC heap after
{Heap after GC invocations=19 (full 0):
 garbage-first heap   total 189440K, used 80580K [0x0000000080000000, 0x0000000100000000)
  region size 1024K, 11 young (11264K), 11 survivors (11264K)
 Metaspace       used 82646K, capacity 84723K, committed 84940K, reserved 1122304K
  class space    used 10789K, capacity 11598K, committed 11724K, reserved 1048576K
}
Event: 24.275 GC heap before
{Heap before GC invocations=19 (full 0):
 garbage-first heap   total 189440K, used 160452K [0x0000000080000000, 0x0000000100000000)
  region size 1024K, 75 young (76800K), 11 survivors (11264K)
 Metaspace       used 87130K, capacity 89308K, committed 89420K, reserved 1126400K
  class space    used 11213K, capacity 12030K, committed 12108K, reserved 1048576K
}
Event: 24.298 GC heap after
{Heap after GC invocations=20 (full 0):
 garbage-first heap   total 189440K, used 87064K [0x0000000080000000, 0x0000000100000000)
  region size 1024K, 6 young (6144K), 6 survivors (6144K)
 Metaspace       used 87130K, capacity 89308K, committed 89420K, reserved 1126400K
  class space    used 11213K, capacity 12030K, committed 12108K, reserved 1048576K
}
Event: 25.347 GC heap before
{Heap before GC invocations=20 (full 0):
 garbage-first heap   total 189440K, used 148504K [0x0000000080000000, 0x0000000100000000)
  region size 1024K, 67 young (68608K), 6 survivors (6144K)
 Metaspace       used 89768K, capacity 92000K, committed 92236K, reserved 1128448K
  class space    used 11399K, capacity 12240K, committed 12364K, reserved 1048576K
}
Event: 25.359 GC heap after
{Heap after GC invocations=21 (full 0):
 garbage-first heap   total 189440K, used 87169K [0x0000000080000000, 0x0000000100000000)
  region size 1024K, 6 young (6144K), 6 survivors (6144K)
 Metaspace       used 89768K, capacity 92000K, committed 92236K, reserved 1128448K
  class space    used 11399K, capacity 12240K, committed 12364K, reserved 1048576K
}
Event: 26.398 GC heap before
{Heap before GC invocations=21 (full 0):
 garbage-first heap   total 189440K, used 150657K [0x0000000080000000, 0x0000000100000000)
  region size 1024K, 69 young (70656K), 6 survivors (6144K)
 Metaspace       used 93388K, capacity 95580K, committed 95692K, reserved 1132544K
  class space    used 11835K, capacity 12666K, committed 12748K, reserved 1048576K
}
Event: 26.412 GC heap after
{Heap after GC invocations=22 (full 0):
 garbage-first heap   total 189440K, used 90161K [0x0000000080000000, 0x0000000100000000)
  region size 1024K, 7 young (7168K), 7 survivors (7168K)
 Metaspace       used 93388K, capacity 95580K, committed 95692K, reserved 1132544K
  class space    used 11835K, capacity 12666K, committed 12748K, reserved 1048576K
}
Event: 30.074 GC heap before
{Heap before GC invocations=22 (full 0):
 garbage-first heap   total 189440K, used 153649K [0x0000000080000000, 0x0000000100000000)
  region size 1024K, 69 young (70656K), 7 survivors (7168K)
 Metaspace       used 95103K, capacity 97397K, committed 97612K, reserved 1134592K
  class space    used 12020K, capacity 12848K, committed 12876K, reserved 1048576K
}
Event: 30.086 GC heap after
{Heap after GC invocations=23 (full 0):
 garbage-first heap   total 189440K, used 94007K [0x0000000080000000, 0x0000000100000000)
  region size 1024K, 7 young (7168K), 7 survivors (7168K)
 Metaspace       used 95103K, capacity 97397K, committed 97612K, reserved 1134592K
  class space    used 12020K, capacity 12848K, committed 12876K, reserved 1048576K
}
Event: 30.413 GC heap before
{Heap before GC invocations=23 (full 0):
 garbage-first heap   total 189440K, used 112439K [0x0000000080000000, 0x0000000100000000)
  region size 1024K, 27 young (27648K), 7 survivors (7168K)
 Metaspace       used 95841K, capacity 98117K, committed 98252K, reserved 1134592K
  class space    used 12094K, capacity 12957K, committed 13004K, reserved 1048576K
}
Event: 30.425 GC heap after
{Heap after GC invocations=24 (full 0):
 garbage-first heap   total 189440K, used 95691K [0x0000000080000000, 0x0000000100000000)
  region size 1024K, 6 young (6144K), 6 survivors (6144K)
 Metaspace       used 95841K, capacity 98117K, committed 98252K, reserved 1134592K
  class space    used 12094K, capacity 12957K, committed 13004K, reserved 1048576K
}
Event: 31.684 GC heap before
{Heap before GC invocations=25 (full 0):
 garbage-first heap   total 189440K, used 148939K [0x0000000080000000, 0x0000000100000000)
  region size 1024K, 63 young (64512K), 6 survivors (6144K)
 Metaspace       used 104069K, capacity 106900K, committed 106956K, reserved 1142784K
  class space    used 13434K, capacity 14538K, committed 14540K, reserved 1048576K
}
Event: 31.708 GC heap after
{Heap after GC invocations=26 (full 0):
 garbage-first heap   total 189440K, used 97014K [0x0000000080000000, 0x0000000100000000)
  region size 1024K, 8 young (8192K), 8 survivors (8192K)
 Metaspace       used 104069K, capacity 106900K, committed 106956K, reserved 1142784K
  class space    used 13434K, capacity 14538K, committed 14540K, reserved 1048576K
}
Event: 31.736 GC heap before
{Heap before GC invocations=26 (full 0):
 garbage-first heap   total 189440K, used 98038K [0x0000000080000000, 0x0000000100000000)
  region size 1024K, 9 young (9216K), 8 survivors (8192K)
 Metaspace       used 104257K, capacity 107045K, committed 107340K, reserved 1142784K
  class space    used 13451K, capacity 14544K, committed 14668K, reserved 1048576K
}
Event: 31.754 GC heap after
{Heap after GC invocations=27 (full 0):
 garbage-first heap   total 189440K, used 94957K [0x0000000080000000, 0x0000000100000000)
  region size 1024K, 2 young (2048K), 2 survivors (2048K)
 Metaspace       used 104257K, capacity 107045K, committed 107340K, reserved 1142784K
  class space    used 13451K, capacity 14544K, committed 14668K, reserved 1048576K
}
Event: 32.454 GC heap before
{Heap before GC invocations=27 (full 0):
 garbage-first heap   total 189440K, used 130797K [0x0000000080000000, 0x0000000100000000)
  region size 1024K, 39 young (39936K), 2 survivors (2048K)
 Metaspace       used 106834K, capacity 109999K, committed 110028K, reserved 1144832K
  class space    used 13774K, capacity 15038K, committed 15052K, reserved 1048576K
}
Event: 32.464 GC heap after
{Heap after GC invocations=28 (full 0):
 garbage-first heap   total 189440K, used 95949K [0x0000000080000000, 0x0000000100000000)
  region size 1024K, 3 young (3072K), 3 survivors (3072K)
 Metaspace       used 106834K, capacity 109999K, committed 110028K, reserved 1144832K
  class space    used 13774K, capacity 15038K, committed 15052K, reserved 1048576K
}

