# JRE version: OpenJDK Runtime Environment (11.0.11+9) (build 11.0.11+9-b60-7590822)
# Java VM: OpenJDK 64-Bit Server VM (11.0.11+9-b60-7590822, mixed mode, tiered, compressed oops, g1 gc, windows-amd64)
Heap:
 garbage-first heap   total 417792K, used 170921K [0x0000000080000000, 0x0000000100000000)
  region size 1024K, 10 young (10240K), 10 survivors (10240K)
 Metaspace       used 99061K, capacity 101634K, committed 101836K, reserved 1136640K
  class space    used 12943K, capacity 13942K, committed 14028K, reserved 1048576K
GC Heap History (20 events):
Event: 19.392 GC heap after
{Heap after GC invocations=24 (full 0):
 garbage-first heap   total 227328K, used 135917K [0x0000000080000000, 0x0000000100000000)
  region size 1024K, 8 young (8192K), 8 survivors (8192K)
 Metaspace       used 92512K, capacity 94894K, committed 95052K, reserved 1130496K
  class space    used 12141K, capacity 13092K, committed 13132K, reserved 1048576K
}
Event: 19.621 GC heap before
{Heap before GC invocations=24 (full 0):
 garbage-first heap   total 227328K, used 180973K [0x0000000080000000, 0x0000000100000000)
  region size 1024K, 52 young (53248K), 8 survivors (8192K)
 Metaspace       used 93149K, capacity 95508K, committed 95692K, reserved 1132544K
  class space    used 12274K, capacity 13233K, committed 13260K, reserved 1048576K
}
Event: 19.648 GC heap after
{Heap after GC invocations=25 (full 0):
 garbage-first heap   total 227328K, used 144614K [0x0000000080000000, 0x0000000100000000)
  region size 1024K, 7 young (7168K), 7 survivors (7168K)
 Metaspace       used 93149K, capacity 95508K, committed 95692K, reserved 1132544K
  class space    used 12274K, capacity 13233K, committed 13260K, reserved 1048576K
}
Event: 20.295 GC heap before
{Heap before GC invocations=26 (full 0):
 garbage-first heap   total 227328K, used 184550K [0x0000000080000000, 0x0000000100000000)
  region size 1024K, 46 young (47104K), 7 survivors (7168K)
 Metaspace       used 95543K, capacity 98082K, committed 98252K, reserved 1134592K
  class space    used 12702K, capacity 13712K, committed 13772K, reserved 1048576K
}
Event: 20.327 GC heap after
{Heap after GC invocations=27 (full 0):
 garbage-first heap   total 284672K, used 151132K [0x0000000080000000, 0x0000000100000000)
  region size 1024K, 6 young (6144K), 6 survivors (6144K)
 Metaspace       used 95543K, capacity 98082K, committed 98252K, reserved 1134592K
  class space    used 12702K, capacity 13712K, committed 13772K, reserved 1048576K
}
Event: 20.849 GC heap before
{Heap before GC invocations=27 (full 0):
 garbage-first heap   total 284672K, used 208476K [0x0000000080000000, 0x0000000100000000)
  region size 1024K, 63 young (64512K), 6 survivors (6144K)
 Metaspace       used 96311K, capacity 98846K, committed 99148K, reserved 1134592K
  class space    used 12778K, capacity 13788K, committed 13900K, reserved 1048576K
}
Event: 20.869 GC heap after
{Heap after GC invocations=28 (full 0):
 garbage-first heap   total 284672K, used 155134K [0x0000000080000000, 0x0000000100000000)
  region size 1024K, 5 young (5120K), 5 survivors (5120K)
 Metaspace       used 96311K, capacity 98846K, committed 99148K, reserved 1134592K
  class space    used 12778K, capacity 13788K, committed 13900K, reserved 1048576K
}
Event: 21.774 GC heap before
{Heap before GC invocations=29 (full 0):
 garbage-first heap   total 284672K, used 214526K [0x0000000080000000, 0x0000000100000000)
  region size 1024K, 63 young (64512K), 5 survivors (5120K)
 Metaspace       used 96793K, capacity 99234K, committed 99916K, reserved 1134592K
  class space    used 12739K, capacity 13678K, committed 13900K, reserved 1048576K
}
Event: 21.794 GC heap after
{Heap after GC invocations=30 (full 0):
 garbage-first heap   total 284672K, used 157037K [0x0000000080000000, 0x0000000100000000)
  region size 1024K, 6 young (6144K), 6 survivors (6144K)
 Metaspace       used 96793K, capacity 99234K, committed 99916K, reserved 1134592K
  class space    used 12739K, capacity 13678K, committed 13900K, reserved 1048576K
}
Event: 22.284 GC heap before
{Heap before GC invocations=30 (full 0):
 garbage-first heap   total 284672K, used 219501K [0x0000000080000000, 0x0000000100000000)
  region size 1024K, 67 young (68608K), 6 survivors (6144K)
 Metaspace       used 96807K, capacity 99246K, committed 99916K, reserved 1134592K
  class space    used 12742K, capacity 13682K, committed 13900K, reserved 1048576K
}
Event: 22.306 GC heap after
{Heap after GC invocations=31 (full 0):
 garbage-first heap   total 284672K, used 158675K [0x0000000080000000, 0x0000000100000000)
  region size 1024K, 4 young (4096K), 4 survivors (4096K)
 Metaspace       used 96807K, capacity 99246K, committed 99916K, reserved 1134592K
  class space    used 12742K, capacity 13682K, committed 13900K, reserved 1048576K
}
Event: 23.071 GC heap before
{Heap before GC invocations=32 (full 0):
 garbage-first heap   total 284672K, used 223187K [0x0000000080000000, 0x0000000100000000)
  region size 1024K, 67 young (68608K), 4 survivors (4096K)
 Metaspace       used 96981K, capacity 99360K, committed 100172K, reserved 1136640K
  class space    used 12728K, capacity 13643K, committed 13900K, reserved 1048576K
}
Event: 23.094 GC heap after
{Heap after GC invocations=33 (full 0):
 garbage-first heap   total 348160K, used 161123K [0x0000000080000000, 0x0000000100000000)
  region size 1024K, 7 young (7168K), 7 survivors (7168K)
 Metaspace       used 96981K, capacity 99360K, committed 100172K, reserved 1136640K
  class space    used 12728K, capacity 13643K, committed 13900K, reserved 1048576K
}
Event: 23.485 GC heap before
{Heap before GC invocations=33 (full 0):
 garbage-first heap   total 348160K, used 251235K [0x0000000080000000, 0x0000000100000000)
  region size 1024K, 96 young (98304K), 7 survivors (7168K)
 Metaspace       used 97069K, capacity 99481K, committed 100172K, reserved 1136640K
  class space    used 12744K, capacity 13663K, committed 13900K, reserved 1048576K
}
Event: 23.503 GC heap after
{Heap after GC invocations=34 (full 0):
 garbage-first heap   total 348160K, used 163644K [0x0000000080000000, 0x0000000100000000)
  region size 1024K, 7 young (7168K), 7 survivors (7168K)
 Metaspace       used 97069K, capacity 99481K, committed 100172K, reserved 1136640K
  class space    used 12744K, capacity 13663K, committed 13900K, reserved 1048576K
}
Event: 24.014 GC heap before
{Heap before GC invocations=34 (full 0):
 garbage-first heap   total 348160K, used 267068K [0x0000000080000000, 0x0000000100000000)
  region size 1024K, 108 young (110592K), 7 survivors (7168K)
 Metaspace       used 97372K, capacity 99805K, committed 100556K, reserved 1136640K
  class space    used 12793K, capacity 13729K, committed 14028K, reserved 1048576K
}
Event: 24.031 GC heap after
{Heap after GC invocations=35 (full 0):
 garbage-first heap   total 348160K, used 165322K [0x0000000080000000, 0x0000000100000000)
  region size 1024K, 9 young (9216K), 9 survivors (9216K)
 Metaspace       used 97372K, capacity 99805K, committed 100556K, reserved 1136640K
  class space    used 12793K, capacity 13729K, committed 14028K, reserved 1048576K
}
Event: 24.736 GC heap before
{Heap before GC invocations=35 (full 0):
 garbage-first heap   total 348160K, used 272842K [0x0000000080000000, 0x0000000100000000)
  region size 1024K, 115 young (117760K), 9 survivors (9216K)
 Metaspace       used 98147K, capacity 100601K, committed 101068K, reserved 1136640K
  class space    used 12861K, capacity 13820K, committed 14028K, reserved 1048576K
}
Event: 24.759 GC heap after
{Heap after GC invocations=36 (full 0):
 garbage-first heap   total 348160K, used 167710K [0x0000000080000000, 0x0000000100000000)
  region size 1024K, 10 young (10240K), 10 survivors (10240K)
 Metaspace       used 98147K, capacity 100601K, committed 101068K, reserved 1136640K
  class space    used 12861K, capacity 13820K, committed 14028K, reserved 1048576K
}
Event: 25.348 GC heap before
{Heap before GC invocations=36 (full 0):
 garbage-first heap   total 348160K, used 281374K [0x0000000080000000, 0x0000000100000000)
  region size 1024K, 122 young (124928K), 10 survivors (10240K)
 Metaspace       used 99061K, capacity 101634K, committed 101836K, reserved 1136640K
  class space    used 12943K, capacity 13942K, committed 14028K, reserved 1048576K
}

