# JRE version: OpenJDK Runtime Environment (11.0.11+9) (build 11.0.11+9-b60-7590822)
# Java VM: OpenJDK 64-Bit Server VM (11.0.11+9-b60-7590822, mixed mode, tiered, compressed oops, g1 gc, windows-amd64)
Heap:
 garbage-first heap   total 189440K, used 100181K [0x0000000080000000, 0x0000000100000000)
  region size 1024K, 21 young (21504K), 4 survivors (4096K)
 Metaspace       used 94695K, capacity 96864K, committed 97100K, reserved 1134592K
  class space    used 11913K, capacity 12732K, committed 12876K, reserved 1048576K
GC Heap History (20 events):
Event: 37.979 GC heap before
{Heap before GC invocations=36 (full 0):
 garbage-first heap   total 189440K, used 101644K [0x0000000080000000, 0x0000000100000000)
  region size 1024K, 5 young (5120K), 4 survivors (4096K)
 Metaspace       used 84313K, capacity 86395K, committed 86860K, reserved 1124352K
  class space    used 10913K, capacity 11665K, committed 11852K, reserved 1048576K
}
Event: 37.989 GC heap after
{Heap after GC invocations=37 (full 0):
 garbage-first heap   total 189440K, used 98242K [0x0000000080000000, 0x0000000100000000)
  region size 1024K, 1 young (1024K), 1 survivors (1024K)
 Metaspace       used 84313K, capacity 86395K, committed 86860K, reserved 1124352K
  class space    used 10913K, capacity 11665K, committed 11852K, reserved 1048576K
}
Event: 38.767 GC heap before
{Heap before GC invocations=38 (full 0):
 garbage-first heap   total 189440K, used 135106K [0x0000000080000000, 0x0000000100000000)
  region size 1024K, 30 young (30720K), 1 survivors (1024K)
 Metaspace       used 86746K, capacity 88905K, committed 89292K, reserved 1126400K
  class space    used 11093K, capacity 11904K, committed 11980K, reserved 1048576K
}
Event: 38.773 GC heap after
{Heap after GC invocations=39 (full 0):
 garbage-first heap   total 189440K, used 101684K [0x0000000080000000, 0x0000000100000000)
  region size 1024K, 4 young (4096K), 4 survivors (4096K)
 Metaspace       used 86746K, capacity 88905K, committed 89292K, reserved 1126400K
  class space    used 11093K, capacity 11904K, committed 11980K, reserved 1048576K
}
Event: 38.841 GC heap before
{Heap before GC invocations=39 (full 0):
 garbage-first heap   total 189440K, used 104756K [0x0000000080000000, 0x0000000100000000)
  region size 1024K, 8 young (8192K), 4 survivors (4096K)
 Metaspace       used 87232K, capacity 89357K, committed 89676K, reserved 1126400K
  class space    used 11143K, capacity 11969K, committed 12108K, reserved 1048576K
}
Event: 38.849 GC heap after
{Heap after GC invocations=40 (full 0):
 garbage-first heap   total 189440K, used 102238K [0x0000000080000000, 0x0000000100000000)
  region size 1024K, 1 young (1024K), 1 survivors (1024K)
 Metaspace       used 87232K, capacity 89357K, committed 89676K, reserved 1126400K
  class space    used 11143K, capacity 11969K, committed 12108K, reserved 1048576K
}
Event: 39.244 GC heap before
{Heap before GC invocations=41 (full 0):
 garbage-first heap   total 189440K, used 119646K [0x0000000080000000, 0x0000000100000000)
  region size 1024K, 31 young (31744K), 1 survivors (1024K)
 Metaspace       used 88274K, capacity 90405K, committed 90700K, reserved 1128448K
  class space    used 11229K, capacity 12041K, committed 12108K, reserved 1048576K
}
Event: 39.249 GC heap after
{Heap after GC invocations=42 (full 0):
 garbage-first heap   total 189440K, used 91329K [0x0000000080000000, 0x0000000100000000)
  region size 1024K, 2 young (2048K), 2 survivors (2048K)
 Metaspace       used 88274K, capacity 90405K, committed 90700K, reserved 1128448K
  class space    used 11229K, capacity 12041K, committed 12108K, reserved 1048576K
}
Event: 39.301 GC heap before
{Heap before GC invocations=42 (full 0):
 garbage-first heap   total 189440K, used 98497K [0x0000000080000000, 0x0000000100000000)
  region size 1024K, 9 young (9216K), 2 survivors (2048K)
 Metaspace       used 88328K, capacity 90469K, committed 90700K, reserved 1128448K
  class space    used 11229K, capacity 12041K, committed 12108K, reserved 1048576K
}
Event: 39.307 GC heap after
{Heap after GC invocations=43 (full 0):
 garbage-first heap   total 189440K, used 81678K [0x0000000080000000, 0x0000000100000000)
  region size 1024K, 1 young (1024K), 1 survivors (1024K)
 Metaspace       used 88328K, capacity 90469K, committed 90700K, reserved 1128448K
  class space    used 11229K, capacity 12041K, committed 12108K, reserved 1048576K
}
Event: 39.601 GC heap before
{Heap before GC invocations=43 (full 0):
 garbage-first heap   total 189440K, used 126734K [0x0000000080000000, 0x0000000100000000)
  region size 1024K, 45 young (46080K), 1 survivors (1024K)
 Metaspace       used 88947K, capacity 91013K, committed 91340K, reserved 1128448K
  class space    used 11270K, capacity 12073K, committed 12236K, reserved 1048576K
}
Event: 39.607 GC heap after
{Heap after GC invocations=44 (full 0):
 garbage-first heap   total 189440K, used 82603K [0x0000000080000000, 0x0000000100000000)
  region size 1024K, 2 young (2048K), 2 survivors (2048K)
 Metaspace       used 88947K, capacity 91013K, committed 91340K, reserved 1128448K
  class space    used 11270K, capacity 12073K, committed 12236K, reserved 1048576K
}
Event: 39.884 GC heap before
{Heap before GC invocations=44 (full 0):
 garbage-first heap   total 189440K, used 129707K [0x0000000080000000, 0x0000000100000000)
  region size 1024K, 49 young (50176K), 2 survivors (2048K)
 Metaspace       used 89357K, capacity 91493K, committed 91852K, reserved 1128448K
  class space    used 11294K, capacity 12105K, committed 12236K, reserved 1048576K
}
Event: 39.892 GC heap after
{Heap after GC invocations=45 (full 0):
 garbage-first heap   total 189440K, used 86468K [0x0000000080000000, 0x0000000100000000)
  region size 1024K, 6 young (6144K), 6 survivors (6144K)
 Metaspace       used 89357K, capacity 91493K, committed 91852K, reserved 1128448K
  class space    used 11294K, capacity 12105K, committed 12236K, reserved 1048576K
}
Event: 40.212 GC heap before
{Heap before GC invocations=45 (full 0):
 garbage-first heap   total 189440K, used 135620K [0x0000000080000000, 0x0000000100000000)
  region size 1024K, 54 young (55296K), 6 survivors (6144K)
 Metaspace       used 89460K, capacity 91624K, committed 91852K, reserved 1128448K
  class space    used 11294K, capacity 12105K, committed 12236K, reserved 1048576K
}
Event: 40.218 GC heap after
{Heap after GC invocations=46 (full 0):
 garbage-first heap   total 189440K, used 84581K [0x0000000080000000, 0x0000000100000000)
  region size 1024K, 1 young (1024K), 1 survivors (1024K)
 Metaspace       used 89460K, capacity 91624K, committed 91852K, reserved 1128448K
  class space    used 11294K, capacity 12105K, committed 12236K, reserved 1048576K
}
Event: 41.379 GC heap before
{Heap before GC invocations=46 (full 0):
 garbage-first heap   total 189440K, used 139877K [0x0000000080000000, 0x0000000100000000)
  region size 1024K, 54 young (55296K), 1 survivors (1024K)
 Metaspace       used 90483K, capacity 92629K, committed 93004K, reserved 1130496K
  class space    used 11402K, capacity 12204K, committed 12364K, reserved 1048576K
}
Event: 41.385 GC heap after
{Heap after GC invocations=47 (full 0):
 garbage-first heap   total 189440K, used 84130K [0x0000000080000000, 0x0000000100000000)
  region size 1024K, 3 young (3072K), 3 survivors (3072K)
 Metaspace       used 90483K, capacity 92629K, committed 93004K, reserved 1130496K
  class space    used 11402K, capacity 12204K, committed 12364K, reserved 1048576K
}
Event: 42.878 GC heap before
{Heap before GC invocations=47 (full 0):
 garbage-first heap   total 189440K, used 139426K [0x0000000080000000, 0x0000000100000000)
  region size 1024K, 58 young (59392K), 3 survivors (3072K)
 Metaspace       used 94239K, capacity 96361K, committed 96460K, reserved 1132544K
  class space    used 11891K, capacity 12699K, committed 12748K, reserved 1048576K
}
Event: 42.888 GC heap after
{Heap after GC invocations=48 (full 0):
 garbage-first heap   total 189440K, used 84821K [0x0000000080000000, 0x0000000100000000)
  region size 1024K, 4 young (4096K), 4 survivors (4096K)
 Metaspace       used 94239K, capacity 96361K, committed 96460K, reserved 1132544K
  class space    used 11891K, capacity 12699K, committed 12748K, reserved 1048576K
}

